[08-Apr-2025 01:52:37 UTC] [Cuevas Theme] Template file: 404.php
[08-Apr-2025 01:52:37 UTC] [Cuevas Theme] Template hierarchy: index.php
[08-Apr-2025 01:52:38 UTC] [Cuevas Theme] Template file: 404.php
[08-Apr-2025 01:52:38 UTC] [Cuevas Theme] Template hierarchy: index.php
[08-Apr-2025 01:52:48 UTC] [Cuevas Theme] Template file: 404.php
[08-Apr-2025 01:52:48 UTC] [Cuevas Theme] Template hierarchy: index.php
[08-Apr-2025 01:52:49 UTC] [Cuevas Theme] Template file: 404.php
[08-Apr-2025 01:52:49 UTC] [Cuevas Theme] Template hierarchy: index.php
[08-Apr-2025 01:54:38 UTC] Running immediate WooCommerce setup - missing pages detected
[08-Apr-2025 01:54:38 UTC] Checking shop page. Current ID: -1
[08-Apr-2025 01:54:38 UTC] Created shop page with ID: 42
[08-Apr-2025 01:54:38 UTC] Updated shop page settings. ID: 42
[08-Apr-2025 01:54:38 UTC] Checking cart page. Current ID: 38
[08-Apr-2025 01:54:38 UTC] Checking checkout page. Current ID: 39
[08-Apr-2025 01:54:38 UTC] Checking myaccount page. Current ID: 40
[08-Apr-2025 01:54:38 UTC] Checking terms page. Current ID: 41
[08-Apr-2025 01:54:38 UTC] Found 0 products to process
[08-Apr-2025 01:54:39 UTC] Checking shop page. Current ID: -1
[08-Apr-2025 01:54:39 UTC] Created shop page with ID: 43
[08-Apr-2025 01:54:39 UTC] Updated shop page settings. ID: 43
[08-Apr-2025 01:54:39 UTC] Checking cart page. Current ID: 38
[08-Apr-2025 01:54:39 UTC] Checking checkout page. Current ID: 39
[08-Apr-2025 01:54:39 UTC] Checking myaccount page. Current ID: 40
[08-Apr-2025 01:54:39 UTC] Checking terms page. Current ID: 41
[08-Apr-2025 01:54:39 UTC] Found 0 products to process
[08-Apr-2025 01:54:51 UTC] Running immediate WooCommerce setup - missing pages detected
[08-Apr-2025 01:54:51 UTC] Running immediate WooCommerce setup - missing pages detected
[08-Apr-2025 01:54:52 UTC] Checking shop page. Current ID: 43
[08-Apr-2025 01:54:52 UTC] Updated shop page settings. ID: 43
[08-Apr-2025 01:54:52 UTC] Checking cart page. Current ID: -1
[08-Apr-2025 01:54:52 UTC] Created cart page with ID: 44
[08-Apr-2025 01:54:52 UTC] Checking checkout page. Current ID: -1
[08-Apr-2025 01:54:52 UTC] Created checkout page with ID: 45
[08-Apr-2025 01:54:52 UTC] Checking myaccount page. Current ID: -1
[08-Apr-2025 01:54:52 UTC] Created myaccount page with ID: 46
[08-Apr-2025 01:54:52 UTC] Checking terms page. Current ID: -1
[08-Apr-2025 01:54:52 UTC] Checking shop page. Current ID: 43
[08-Apr-2025 01:54:52 UTC] Created terms page with ID: 47
[08-Apr-2025 01:54:52 UTC] Found 0 products to process
[08-Apr-2025 01:54:52 UTC] Updated shop page settings. ID: 43
[08-Apr-2025 01:54:52 UTC] Checking cart page. Current ID: -1
[08-Apr-2025 01:54:52 UTC] Created cart page with ID: 48
[08-Apr-2025 01:54:52 UTC] Checking checkout page. Current ID: -1
[08-Apr-2025 01:54:52 UTC] Created checkout page with ID: 49
[08-Apr-2025 01:54:52 UTC] Checking myaccount page. Current ID: -1
[08-Apr-2025 01:54:52 UTC] Created myaccount page with ID: 50
[08-Apr-2025 01:54:52 UTC] Checking terms page. Current ID: -1
[08-Apr-2025 01:54:52 UTC] Created terms page with ID: 51
[08-Apr-2025 01:54:52 UTC] Found 0 products to process
[08-Apr-2025 01:54:52 UTC] Checking shop page. Current ID: -1
[08-Apr-2025 01:54:52 UTC] Created shop page with ID: 52
[08-Apr-2025 01:54:52 UTC] Updated shop page settings. ID: 52
[08-Apr-2025 01:54:52 UTC] Checking cart page. Current ID: -1
[08-Apr-2025 01:54:52 UTC] Created cart page with ID: 53
[08-Apr-2025 01:54:52 UTC] Checking checkout page. Current ID: -1
[08-Apr-2025 01:54:52 UTC] Created checkout page with ID: 54
[08-Apr-2025 01:54:52 UTC] Checking myaccount page. Current ID: -1
[08-Apr-2025 01:54:52 UTC] Checking shop page. Current ID: 43
[08-Apr-2025 01:54:52 UTC] Updated shop page settings. ID: 43
[08-Apr-2025 01:54:52 UTC] Checking cart page. Current ID: -1
[08-Apr-2025 01:54:52 UTC] Created myaccount page with ID: 55
[08-Apr-2025 01:54:52 UTC] Checking terms page. Current ID: -1
[08-Apr-2025 01:54:52 UTC] Created cart page with ID: 56
[08-Apr-2025 01:54:52 UTC] Checking checkout page. Current ID: -1
[08-Apr-2025 01:54:52 UTC] Created terms page with ID: 57
[08-Apr-2025 01:54:52 UTC] Found 0 products to process
[08-Apr-2025 01:54:52 UTC] Created checkout page with ID: 58
[08-Apr-2025 01:54:52 UTC] Checking myaccount page. Current ID: -1
[08-Apr-2025 01:54:52 UTC] WordPress database error Table 'local.wp_comments' doesn't exist for query SELECT  COUNT(*)
			 FROM wp_comments JOIN wp_posts ON wp_posts.ID = wp_comments.comment_post_ID
			 WHERE ( comment_approved = '0' ) AND comment_type IN ('review', '', 'comment') AND  wp_posts.post_type IN ('product') AND  comment_type != 'order_note'  AND  comment_type != 'webhook_delivery' 
			 
			 ORDER BY wp_comments.comment_date_gmt DESC
			  made by require('wp-admin/menu.php'), require_once('wp-admin/includes/menu.php'), do_action('admin_menu'), WP_Hook->do_action, WP_Hook->apply_filters, Automattic\WooCommerce\Internal\Admin\ProductReviews\Reviews->add_reviews_page, Automattic\WooCommerce\Internal\Admin\ProductReviews\Reviews->get_pending_count_bubble, get_comments, WP_Comment_Query->query, WP_Comment_Query->get_comments, WP_Comment_Query->get_comment_ids
[08-Apr-2025 01:54:52 UTC] Created myaccount page with ID: 59
[08-Apr-2025 01:54:52 UTC] Checking terms page. Current ID: -1
[08-Apr-2025 01:54:52 UTC] Created terms page with ID: 60
[08-Apr-2025 01:54:52 UTC] Found 0 products to process
[08-Apr-2025 01:54:53 UTC] Checking shop page. Current ID: -1
[08-Apr-2025 01:54:53 UTC] Created shop page with ID: 61
[08-Apr-2025 01:54:53 UTC] Updated shop page settings. ID: 61
[08-Apr-2025 01:54:53 UTC] Checking cart page. Current ID: -1
[08-Apr-2025 01:54:53 UTC] Created cart page with ID: 62
[08-Apr-2025 01:54:53 UTC] Checking checkout page. Current ID: -1
[08-Apr-2025 01:54:53 UTC] Created checkout page with ID: 63
[08-Apr-2025 01:54:53 UTC] Checking myaccount page. Current ID: -1
[08-Apr-2025 01:54:53 UTC] Created myaccount page with ID: 64
[08-Apr-2025 01:54:53 UTC] Checking terms page. Current ID: -1
[08-Apr-2025 01:54:53 UTC] Created terms page with ID: 65
[08-Apr-2025 01:54:53 UTC] Found 0 products to process
[08-Apr-2025 01:54:53 UTC] WordPress database error Table 'local.wp_comments' doesn't exist for query SELECT  COUNT(*)
			 FROM wp_comments JOIN wp_posts ON wp_posts.ID = wp_comments.comment_post_ID
			 WHERE ( comment_approved = '0' ) AND comment_type IN ('review', '', 'comment') AND  wp_posts.post_type IN ('product') AND  comment_type != 'order_note'  AND  comment_type != 'webhook_delivery' 
			 
			 ORDER BY wp_comments.comment_date_gmt DESC
			  made by require('wp-admin/menu.php'), require_once('wp-admin/includes/menu.php'), do_action('admin_menu'), WP_Hook->do_action, WP_Hook->apply_filters, Automattic\WooCommerce\Internal\Admin\ProductReviews\Reviews->add_reviews_page, Automattic\WooCommerce\Internal\Admin\ProductReviews\Reviews->get_pending_count_bubble, get_comments, WP_Comment_Query->query, WP_Comment_Query->get_comments, WP_Comment_Query->get_comment_ids
[08-Apr-2025 01:54:55 UTC] Checking shop page. Current ID: -1
[08-Apr-2025 01:54:55 UTC] Created shop page with ID: 66
[08-Apr-2025 01:54:55 UTC] Updated shop page settings. ID: 66
[08-Apr-2025 01:54:55 UTC] Checking cart page. Current ID: -1
[08-Apr-2025 01:54:55 UTC] Created cart page with ID: 67
[08-Apr-2025 01:54:55 UTC] Checking checkout page. Current ID: -1
[08-Apr-2025 01:54:55 UTC] Created checkout page with ID: 68
[08-Apr-2025 01:54:55 UTC] Checking myaccount page. Current ID: -1
[08-Apr-2025 01:54:55 UTC] Created myaccount page with ID: 69
[08-Apr-2025 01:54:55 UTC] Checking terms page. Current ID: -1
[08-Apr-2025 01:54:55 UTC] Checking shop page. Current ID: -1
[08-Apr-2025 01:54:55 UTC] Created terms page with ID: 70
[08-Apr-2025 01:54:55 UTC] Found 0 products to process
[08-Apr-2025 01:54:55 UTC] Created shop page with ID: 71
[08-Apr-2025 01:54:55 UTC] Updated shop page settings. ID: 71
[08-Apr-2025 01:54:55 UTC] Checking cart page. Current ID: -1
[08-Apr-2025 01:54:55 UTC] Created cart page with ID: 72
[08-Apr-2025 01:54:55 UTC] Checking checkout page. Current ID: -1
[08-Apr-2025 01:54:55 UTC] Created checkout page with ID: 73
[08-Apr-2025 01:54:55 UTC] Checking myaccount page. Current ID: -1
[08-Apr-2025 01:54:55 UTC] Created myaccount page with ID: 74
[08-Apr-2025 01:54:55 UTC] Checking terms page. Current ID: -1
[08-Apr-2025 01:54:55 UTC] Created terms page with ID: 75
[08-Apr-2025 01:54:55 UTC] Found 0 products to process
[08-Apr-2025 01:54:55 UTC] Checking shop page. Current ID: -1
[08-Apr-2025 01:54:55 UTC] Created shop page with ID: 76
[08-Apr-2025 01:54:55 UTC] Updated shop page settings. ID: 76
[08-Apr-2025 01:54:55 UTC] Checking cart page. Current ID: -1
[08-Apr-2025 01:54:55 UTC] Created cart page with ID: 77
[08-Apr-2025 01:54:55 UTC] Checking checkout page. Current ID: -1
[08-Apr-2025 01:54:55 UTC] Created checkout page with ID: 78
[08-Apr-2025 01:54:55 UTC] Checking myaccount page. Current ID: -1
[08-Apr-2025 01:54:55 UTC] Created myaccount page with ID: 79
[08-Apr-2025 01:54:55 UTC] Checking terms page. Current ID: -1
[08-Apr-2025 01:54:55 UTC] Created terms page with ID: 80
[08-Apr-2025 01:54:56 UTC] Found 0 products to process
[08-Apr-2025 01:54:56 UTC] Checking shop page. Current ID: 71
[08-Apr-2025 01:54:56 UTC] Updated shop page settings. ID: 71
[08-Apr-2025 01:54:56 UTC] Checking cart page. Current ID: 72
[08-Apr-2025 01:54:56 UTC] Checking checkout page. Current ID: 73
[08-Apr-2025 01:54:56 UTC] Checking myaccount page. Current ID: 74
[08-Apr-2025 01:54:56 UTC] Checking terms page. Current ID: 75
[08-Apr-2025 01:54:56 UTC] Found 0 products to process
[08-Apr-2025 01:54:56 UTC] Running immediate WooCommerce setup - missing pages detected
[08-Apr-2025 01:54:56 UTC] Checking shop page. Current ID: -1
[08-Apr-2025 01:54:56 UTC] Created shop page with ID: 81
[08-Apr-2025 01:54:56 UTC] Updated shop page settings. ID: 81
[08-Apr-2025 01:54:56 UTC] Checking cart page. Current ID: -1
[08-Apr-2025 01:54:56 UTC] Created cart page with ID: 82
[08-Apr-2025 01:54:56 UTC] Checking checkout page. Current ID: -1
[08-Apr-2025 01:54:56 UTC] Created checkout page with ID: 83
[08-Apr-2025 01:54:56 UTC] Checking myaccount page. Current ID: -1
[08-Apr-2025 01:54:56 UTC] Checking shop page. Current ID: -1
[08-Apr-2025 01:54:56 UTC] Created myaccount page with ID: 84
[08-Apr-2025 01:54:56 UTC] Checking terms page. Current ID: -1
[08-Apr-2025 01:54:56 UTC] Created shop page with ID: 85
[08-Apr-2025 01:54:56 UTC] Updated shop page settings. ID: 85
[08-Apr-2025 01:54:56 UTC] Checking cart page. Current ID: -1
[08-Apr-2025 01:54:56 UTC] Created terms page with ID: 86
[08-Apr-2025 01:54:56 UTC] Found 0 products to process
[08-Apr-2025 01:54:56 UTC] Created cart page with ID: 87
[08-Apr-2025 01:54:56 UTC] Checking checkout page. Current ID: -1
[08-Apr-2025 01:54:56 UTC] Created checkout page with ID: 88
[08-Apr-2025 01:54:56 UTC] Checking myaccount page. Current ID: -1
[08-Apr-2025 01:54:56 UTC] Created myaccount page with ID: 89
[08-Apr-2025 01:54:56 UTC] Checking terms page. Current ID: -1
[08-Apr-2025 01:54:56 UTC] Created terms page with ID: 90
[08-Apr-2025 01:54:56 UTC] Found 0 products to process
[08-Apr-2025 01:54:56 UTC] Running immediate WooCommerce setup - missing pages detected
[08-Apr-2025 01:54:57 UTC] Checking shop page. Current ID: -1
[08-Apr-2025 01:54:57 UTC] Created shop page with ID: 91
[08-Apr-2025 01:54:57 UTC] Updated shop page settings. ID: 91
[08-Apr-2025 01:54:57 UTC] Checking cart page. Current ID: -1
[08-Apr-2025 01:54:57 UTC] Created cart page with ID: 92
[08-Apr-2025 01:54:57 UTC] Checking checkout page. Current ID: -1
[08-Apr-2025 01:54:57 UTC] Created checkout page with ID: 93
[08-Apr-2025 01:54:57 UTC] Checking myaccount page. Current ID: -1
[08-Apr-2025 01:54:57 UTC] Checking shop page. Current ID: -1
[08-Apr-2025 01:54:57 UTC] Created myaccount page with ID: 94
[08-Apr-2025 01:54:57 UTC] Checking terms page. Current ID: -1
[08-Apr-2025 01:54:57 UTC] Created shop page with ID: 95
[08-Apr-2025 01:54:57 UTC] Updated shop page settings. ID: 95
[08-Apr-2025 01:54:57 UTC] Checking cart page. Current ID: 92
[08-Apr-2025 01:54:57 UTC] Checking checkout page. Current ID: 88
[08-Apr-2025 01:54:57 UTC] Checking myaccount page. Current ID: 89
[08-Apr-2025 01:54:57 UTC] Checking terms page. Current ID: 90
[08-Apr-2025 01:54:57 UTC] Found 0 products to process
[08-Apr-2025 01:54:57 UTC] Created terms page with ID: 96
[08-Apr-2025 01:54:57 UTC] Found 0 products to process
[08-Apr-2025 01:54:57 UTC] Running immediate WooCommerce setup - missing pages detected
[08-Apr-2025 01:54:57 UTC] Checking shop page. Current ID: -1
[08-Apr-2025 01:54:57 UTC] Created shop page with ID: 97
[08-Apr-2025 01:54:57 UTC] Updated shop page settings. ID: 97
[08-Apr-2025 01:54:57 UTC] Checking cart page. Current ID: 92
[08-Apr-2025 01:54:57 UTC] Checking checkout page. Current ID: -1
[08-Apr-2025 01:54:57 UTC] Created checkout page with ID: 98
[08-Apr-2025 01:54:57 UTC] Checking myaccount page. Current ID: -1
[08-Apr-2025 01:54:57 UTC] Checking shop page. Current ID: -1
[08-Apr-2025 01:54:57 UTC] Created myaccount page with ID: 99
[08-Apr-2025 01:54:57 UTC] Checking terms page. Current ID: -1
[08-Apr-2025 01:54:57 UTC] Created terms page with ID: 100
[08-Apr-2025 01:54:57 UTC] Found 0 products to process
[08-Apr-2025 01:54:57 UTC] Created shop page with ID: 101
[08-Apr-2025 01:54:57 UTC] Updated shop page settings. ID: 101
[08-Apr-2025 01:54:57 UTC] Checking cart page. Current ID: -1
[08-Apr-2025 01:54:57 UTC] Created cart page with ID: 102
[08-Apr-2025 01:54:57 UTC] Checking checkout page. Current ID: 98
[08-Apr-2025 01:54:57 UTC] Checking myaccount page. Current ID: 99
[08-Apr-2025 01:54:57 UTC] Checking terms page. Current ID: 100
[08-Apr-2025 01:54:57 UTC] Found 0 products to process
[08-Apr-2025 01:54:58 UTC] Checking shop page. Current ID: -1
[08-Apr-2025 01:54:58 UTC] Created shop page with ID: 103
[08-Apr-2025 01:54:58 UTC] Updated shop page settings. ID: 103
[08-Apr-2025 01:54:58 UTC] Checking cart page. Current ID: -1
[08-Apr-2025 01:54:58 UTC] Created cart page with ID: 104
[08-Apr-2025 01:54:58 UTC] Checking checkout page. Current ID: 98
[08-Apr-2025 01:54:58 UTC] Checking myaccount page. Current ID: 99
[08-Apr-2025 01:54:58 UTC] Checking terms page. Current ID: 100
[08-Apr-2025 01:54:58 UTC] Found 0 products to process
[08-Apr-2025 01:54:58 UTC] Running immediate WooCommerce setup - missing pages detected
[08-Apr-2025 01:54:59 UTC] Checking shop page. Current ID: 103
[08-Apr-2025 01:54:59 UTC] Updated shop page settings. ID: 103
[08-Apr-2025 01:54:59 UTC] Checking cart page. Current ID: 104
[08-Apr-2025 01:54:59 UTC] Checking checkout page. Current ID: -1
[08-Apr-2025 01:54:59 UTC] Created checkout page with ID: 105
[08-Apr-2025 01:54:59 UTC] Checking myaccount page. Current ID: -1
[08-Apr-2025 01:54:59 UTC] Created myaccount page with ID: 106
[08-Apr-2025 01:54:59 UTC] Checking terms page. Current ID: -1
[08-Apr-2025 01:54:59 UTC] Created terms page with ID: 107
[08-Apr-2025 01:54:59 UTC] Found 0 products to process
[08-Apr-2025 01:54:59 UTC] Checking shop page. Current ID: -1
[08-Apr-2025 01:54:59 UTC] Created shop page with ID: 108
[08-Apr-2025 01:54:59 UTC] Updated shop page settings. ID: 108
[08-Apr-2025 01:54:59 UTC] Checking cart page. Current ID: -1
[08-Apr-2025 01:54:59 UTC] Created cart page with ID: 109
[08-Apr-2025 01:54:59 UTC] Checking checkout page. Current ID: -1
[08-Apr-2025 01:54:59 UTC] Created checkout page with ID: 110
[08-Apr-2025 01:54:59 UTC] Checking myaccount page. Current ID: -1
[08-Apr-2025 01:54:59 UTC] Created myaccount page with ID: 111
[08-Apr-2025 01:54:59 UTC] Checking terms page. Current ID: -1
[08-Apr-2025 01:54:59 UTC] Created terms page with ID: 112
[08-Apr-2025 01:54:59 UTC] Found 0 products to process
[08-Apr-2025 01:55:31 UTC] Checking shop page. Current ID: -1
[08-Apr-2025 01:55:31 UTC] Created shop page with ID: 113
[08-Apr-2025 01:55:31 UTC] Updated shop page settings. ID: 113
[08-Apr-2025 01:55:31 UTC] Checking cart page. Current ID: -1
[08-Apr-2025 01:55:31 UTC] Created cart page with ID: 114
[08-Apr-2025 01:55:31 UTC] Checking checkout page. Current ID: -1
[08-Apr-2025 01:55:31 UTC] Created checkout page with ID: 115
[08-Apr-2025 01:55:31 UTC] Checking myaccount page. Current ID: -1
[08-Apr-2025 01:55:31 UTC] Checking shop page. Current ID: -1
[08-Apr-2025 01:55:31 UTC] Created myaccount page with ID: 116
[08-Apr-2025 01:55:31 UTC] Checking terms page. Current ID: -1
[08-Apr-2025 01:55:31 UTC] Created terms page with ID: 117
[08-Apr-2025 01:55:31 UTC] Found 0 products to process
[08-Apr-2025 01:55:31 UTC] Created shop page with ID: 118
[08-Apr-2025 01:55:31 UTC] Updated shop page settings. ID: 118
[08-Apr-2025 01:55:31 UTC] Checking cart page. Current ID: -1
[08-Apr-2025 01:55:31 UTC] Created cart page with ID: 119
[08-Apr-2025 01:55:31 UTC] Checking checkout page. Current ID: -1
[08-Apr-2025 01:55:31 UTC] Created checkout page with ID: 120
[08-Apr-2025 01:55:31 UTC] Checking myaccount page. Current ID: -1
[08-Apr-2025 01:55:31 UTC] Created myaccount page with ID: 121
[08-Apr-2025 01:55:31 UTC] Checking terms page. Current ID: -1
[08-Apr-2025 01:55:31 UTC] Created terms page with ID: 122
[08-Apr-2025 01:55:31 UTC] Found 0 products to process
[08-Apr-2025 01:55:32 UTC] Checking shop page. Current ID: -1
[08-Apr-2025 01:55:32 UTC] Created shop page with ID: 123
[08-Apr-2025 01:55:32 UTC] Updated shop page settings. ID: 123
[08-Apr-2025 01:55:32 UTC] Checking cart page. Current ID: -1
[08-Apr-2025 01:55:32 UTC] Created cart page with ID: 124
[08-Apr-2025 01:55:32 UTC] Checking checkout page. Current ID: -1
[08-Apr-2025 01:55:32 UTC] Created checkout page with ID: 125
[08-Apr-2025 01:55:32 UTC] Checking myaccount page. Current ID: -1
[08-Apr-2025 01:55:32 UTC] Created myaccount page with ID: 126
[08-Apr-2025 01:55:32 UTC] Checking terms page. Current ID: -1
[08-Apr-2025 01:55:32 UTC] Created terms page with ID: 127
[08-Apr-2025 01:55:32 UTC] Found 0 products to process
[08-Apr-2025 01:55:35 UTC] Checking shop page. Current ID: -1
[08-Apr-2025 01:55:35 UTC] Created shop page with ID: 128
[08-Apr-2025 01:55:35 UTC] Updated shop page settings. ID: 128
[08-Apr-2025 01:55:35 UTC] Checking cart page. Current ID: -1
[08-Apr-2025 01:55:35 UTC] Created cart page with ID: 129
[08-Apr-2025 01:55:35 UTC] Checking checkout page. Current ID: -1
[08-Apr-2025 01:55:35 UTC] Created checkout page with ID: 130
[08-Apr-2025 01:55:35 UTC] Checking myaccount page. Current ID: -1
[08-Apr-2025 01:55:35 UTC] Created myaccount page with ID: 131
[08-Apr-2025 01:55:35 UTC] Checking terms page. Current ID: -1
[08-Apr-2025 01:55:35 UTC] Created terms page with ID: 132
[08-Apr-2025 01:55:35 UTC] Found 0 products to process
[08-Apr-2025 01:55:42 UTC] Running immediate WooCommerce setup - missing pages detected
[08-Apr-2025 01:55:43 UTC] Checking shop page. Current ID: -1
[08-Apr-2025 01:55:43 UTC] Created shop page with ID: 133
[08-Apr-2025 01:55:43 UTC] Updated shop page settings. ID: 133
[08-Apr-2025 01:55:43 UTC] Checking cart page. Current ID: -1
[08-Apr-2025 01:55:43 UTC] Created cart page with ID: 134
[08-Apr-2025 01:55:43 UTC] Checking checkout page. Current ID: -1
[08-Apr-2025 01:55:43 UTC] Created checkout page with ID: 135
[08-Apr-2025 01:55:43 UTC] Checking myaccount page. Current ID: -1
[08-Apr-2025 01:55:43 UTC] Created myaccount page with ID: 136
[08-Apr-2025 01:55:43 UTC] Checking terms page. Current ID: -1
[08-Apr-2025 01:55:43 UTC] Created terms page with ID: 137
[08-Apr-2025 01:55:43 UTC] Found 0 products to process
[08-Apr-2025 01:55:43 UTC] Checking shop page. Current ID: -1
[08-Apr-2025 01:55:43 UTC] Created shop page with ID: 138
[08-Apr-2025 01:55:43 UTC] Updated shop page settings. ID: 138
[08-Apr-2025 01:55:43 UTC] Checking cart page. Current ID: -1
[08-Apr-2025 01:55:43 UTC] Created cart page with ID: 139
[08-Apr-2025 01:55:43 UTC] Checking checkout page. Current ID: -1
[08-Apr-2025 01:55:43 UTC] Created checkout page with ID: 140
[08-Apr-2025 01:55:43 UTC] Checking myaccount page. Current ID: -1
[08-Apr-2025 01:55:43 UTC] Created myaccount page with ID: 141
[08-Apr-2025 01:55:43 UTC] Checking terms page. Current ID: -1
[08-Apr-2025 01:55:43 UTC] Created terms page with ID: 142
[08-Apr-2025 01:55:43 UTC] Found 0 products to process
[08-Apr-2025 01:55:44 UTC] Checking shop page. Current ID: -1
[08-Apr-2025 01:55:44 UTC] Created shop page with ID: 143
[08-Apr-2025 01:55:44 UTC] Updated shop page settings. ID: 143
[08-Apr-2025 01:55:44 UTC] Checking cart page. Current ID: -1
[08-Apr-2025 01:55:44 UTC] Created cart page with ID: 144
[08-Apr-2025 01:55:44 UTC] Checking checkout page. Current ID: -1
[08-Apr-2025 01:55:44 UTC] Created checkout page with ID: 145
[08-Apr-2025 01:55:44 UTC] Checking myaccount page. Current ID: -1
[08-Apr-2025 01:55:44 UTC] Created myaccount page with ID: 146
[08-Apr-2025 01:55:44 UTC] Checking terms page. Current ID: -1
[08-Apr-2025 01:55:44 UTC] Created terms page with ID: 147
[08-Apr-2025 01:55:44 UTC] Found 0 products to process
[08-Apr-2025 01:55:44 UTC] Checking shop page. Current ID: -1
[08-Apr-2025 01:55:44 UTC] Created shop page with ID: 148
[08-Apr-2025 01:55:44 UTC] Updated shop page settings. ID: 148
[08-Apr-2025 01:55:44 UTC] Checking cart page. Current ID: -1
[08-Apr-2025 01:55:44 UTC] Created cart page with ID: 149
[08-Apr-2025 01:55:44 UTC] Checking checkout page. Current ID: -1
[08-Apr-2025 01:55:44 UTC] Created checkout page with ID: 150
[08-Apr-2025 01:55:44 UTC] Checking myaccount page. Current ID: -1
[08-Apr-2025 01:55:44 UTC] Created myaccount page with ID: 151
[08-Apr-2025 01:55:44 UTC] Checking terms page. Current ID: -1
[08-Apr-2025 01:55:44 UTC] Created terms page with ID: 152
[08-Apr-2025 01:55:44 UTC] Found 0 products to process
[08-Apr-2025 01:55:48 UTC] Checking shop page. Current ID: -1
[08-Apr-2025 01:55:48 UTC] Created shop page with ID: 153
[08-Apr-2025 01:55:48 UTC] Updated shop page settings. ID: 153
[08-Apr-2025 01:55:48 UTC] Checking cart page. Current ID: -1
[08-Apr-2025 01:55:48 UTC] Created cart page with ID: 154
[08-Apr-2025 01:55:48 UTC] Checking checkout page. Current ID: -1
[08-Apr-2025 01:55:48 UTC] Created checkout page with ID: 155
[08-Apr-2025 01:55:48 UTC] Checking myaccount page. Current ID: -1
[08-Apr-2025 01:55:48 UTC] Created myaccount page with ID: 156
[08-Apr-2025 01:55:48 UTC] Checking terms page. Current ID: -1
[08-Apr-2025 01:55:48 UTC] Created terms page with ID: 157
[08-Apr-2025 01:55:48 UTC] Found 0 products to process
[08-Apr-2025 01:55:53 UTC] Checking shop page. Current ID: -1
[08-Apr-2025 01:55:53 UTC] Created shop page with ID: 158
[08-Apr-2025 01:55:53 UTC] Updated shop page settings. ID: 158
[08-Apr-2025 01:55:53 UTC] Checking cart page. Current ID: -1
[08-Apr-2025 01:55:53 UTC] Created cart page with ID: 159
[08-Apr-2025 01:55:53 UTC] Checking checkout page. Current ID: -1
[08-Apr-2025 01:55:53 UTC] Created checkout page with ID: 160
[08-Apr-2025 01:55:53 UTC] Checking myaccount page. Current ID: -1
[08-Apr-2025 01:55:53 UTC] Created myaccount page with ID: 161
[08-Apr-2025 01:55:53 UTC] Checking terms page. Current ID: -1
[08-Apr-2025 01:55:53 UTC] Created terms page with ID: 162
[08-Apr-2025 01:55:53 UTC] Found 0 products to process
[08-Apr-2025 01:55:53 UTC] Checking shop page. Current ID: -1
[08-Apr-2025 01:55:53 UTC] Created shop page with ID: 163
[08-Apr-2025 01:55:53 UTC] Updated shop page settings. ID: 163
[08-Apr-2025 01:55:53 UTC] Checking cart page. Current ID: -1
[08-Apr-2025 01:55:53 UTC] Created cart page with ID: 164
[08-Apr-2025 01:55:53 UTC] Checking checkout page. Current ID: -1
[08-Apr-2025 01:55:53 UTC] Created checkout page with ID: 165
[08-Apr-2025 01:55:53 UTC] Checking myaccount page. Current ID: -1
[08-Apr-2025 01:55:53 UTC] Created myaccount page with ID: 166
[08-Apr-2025 01:55:53 UTC] Checking terms page. Current ID: -1
[08-Apr-2025 01:55:53 UTC] Created terms page with ID: 167
[08-Apr-2025 01:55:53 UTC] Found 0 products to process
[08-Apr-2025 01:55:54 UTC] Checking shop page. Current ID: -1
[08-Apr-2025 01:55:54 UTC] Created shop page with ID: 168
[08-Apr-2025 01:55:54 UTC] Updated shop page settings. ID: 168
[08-Apr-2025 01:55:54 UTC] Checking cart page. Current ID: -1
[08-Apr-2025 01:55:54 UTC] Created cart page with ID: 169
[08-Apr-2025 01:55:54 UTC] Checking checkout page. Current ID: -1
[08-Apr-2025 01:55:54 UTC] Created checkout page with ID: 170
[08-Apr-2025 01:55:54 UTC] Checking myaccount page. Current ID: -1
[08-Apr-2025 01:55:54 UTC] Created myaccount page with ID: 171
[08-Apr-2025 01:55:54 UTC] Checking terms page. Current ID: -1
[08-Apr-2025 01:55:54 UTC] Created terms page with ID: 172
[08-Apr-2025 01:55:54 UTC] Found 0 products to process
[08-Apr-2025 01:55:55 UTC] Checking shop page. Current ID: -1
[08-Apr-2025 01:55:55 UTC] Created shop page with ID: 173
[08-Apr-2025 01:55:55 UTC] Updated shop page settings. ID: 173
[08-Apr-2025 01:55:55 UTC] Checking cart page. Current ID: -1
[08-Apr-2025 01:55:55 UTC] Created cart page with ID: 174
[08-Apr-2025 01:55:55 UTC] Checking checkout page. Current ID: -1
[08-Apr-2025 01:55:55 UTC] Created checkout page with ID: 175
[08-Apr-2025 01:55:55 UTC] Checking myaccount page. Current ID: -1
[08-Apr-2025 01:55:55 UTC] Created myaccount page with ID: 176
[08-Apr-2025 01:55:55 UTC] Checking terms page. Current ID: -1
[08-Apr-2025 01:55:55 UTC] Created terms page with ID: 177
[08-Apr-2025 01:55:55 UTC] Found 0 products to process
[08-Apr-2025 01:55:55 UTC] Checking shop page. Current ID: -1
[08-Apr-2025 01:55:55 UTC] Created shop page with ID: 178
[08-Apr-2025 01:55:55 UTC] Updated shop page settings. ID: 178
[08-Apr-2025 01:55:55 UTC] Checking cart page. Current ID: -1
[08-Apr-2025 01:55:55 UTC] Created cart page with ID: 179
[08-Apr-2025 01:55:55 UTC] Checking checkout page. Current ID: -1
[08-Apr-2025 01:55:55 UTC] Created checkout page with ID: 180
[08-Apr-2025 01:55:55 UTC] Checking myaccount page. Current ID: -1
[08-Apr-2025 01:55:55 UTC] Created myaccount page with ID: 181
[08-Apr-2025 01:55:55 UTC] Checking terms page. Current ID: -1
[08-Apr-2025 01:55:55 UTC] Created terms page with ID: 182
[08-Apr-2025 01:55:55 UTC] Found 0 products to process
[08-Apr-2025 01:56:05 UTC] Checking shop page. Current ID: -1
[08-Apr-2025 01:56:05 UTC] Created shop page with ID: 221
[08-Apr-2025 01:56:05 UTC] Updated shop page settings. ID: 221
[08-Apr-2025 01:56:05 UTC] Checking cart page. Current ID: -1
[08-Apr-2025 01:56:05 UTC] Created cart page with ID: 222
[08-Apr-2025 01:56:05 UTC] Checking checkout page. Current ID: -1
[08-Apr-2025 01:56:05 UTC] Created checkout page with ID: 223
[08-Apr-2025 01:56:05 UTC] Checking myaccount page. Current ID: -1
[08-Apr-2025 01:56:05 UTC] Created myaccount page with ID: 224
[08-Apr-2025 01:56:05 UTC] Checking terms page. Current ID: -1
[08-Apr-2025 01:56:05 UTC] Created terms page with ID: 225
[08-Apr-2025 01:56:05 UTC] Found 0 products to process
[08-Apr-2025 01:56:13 UTC] Checking shop page. Current ID: -1
[08-Apr-2025 01:56:13 UTC] Created shop page with ID: 236
[08-Apr-2025 01:56:13 UTC] Updated shop page settings. ID: 236
[08-Apr-2025 01:56:13 UTC] Checking cart page. Current ID: -1
[08-Apr-2025 01:56:13 UTC] Created cart page with ID: 237
[08-Apr-2025 01:56:13 UTC] Checking checkout page. Current ID: -1
[08-Apr-2025 01:56:13 UTC] Created checkout page with ID: 238
[08-Apr-2025 01:56:13 UTC] Checking myaccount page. Current ID: -1
[08-Apr-2025 01:56:13 UTC] Created myaccount page with ID: 239
[08-Apr-2025 01:56:13 UTC] Checking terms page. Current ID: -1
[08-Apr-2025 01:56:13 UTC] Created terms page with ID: 240
[08-Apr-2025 01:56:13 UTC] Found 0 products to process
[08-Apr-2025 01:56:14 UTC] Checking shop page. Current ID: -1
[08-Apr-2025 01:56:14 UTC] Created shop page with ID: 241
[08-Apr-2025 01:56:14 UTC] Updated shop page settings. ID: 241
[08-Apr-2025 01:56:14 UTC] Checking cart page. Current ID: -1
[08-Apr-2025 01:56:14 UTC] Created cart page with ID: 242
[08-Apr-2025 01:56:14 UTC] Checking checkout page. Current ID: -1
[08-Apr-2025 01:56:14 UTC] Created checkout page with ID: 243
[08-Apr-2025 01:56:14 UTC] Checking myaccount page. Current ID: -1
[08-Apr-2025 01:56:14 UTC] Created myaccount page with ID: 244
[08-Apr-2025 01:56:14 UTC] Checking terms page. Current ID: -1
[08-Apr-2025 01:56:14 UTC] Created terms page with ID: 245
[08-Apr-2025 01:56:14 UTC] Found 0 products to process
[08-Apr-2025 01:56:15 UTC] Checking shop page. Current ID: -1
[08-Apr-2025 01:56:15 UTC] Created shop page with ID: 246
[08-Apr-2025 01:56:15 UTC] Updated shop page settings. ID: 246
[08-Apr-2025 01:56:15 UTC] Checking cart page. Current ID: -1
[08-Apr-2025 01:56:15 UTC] Created cart page with ID: 247
[08-Apr-2025 01:56:15 UTC] Checking checkout page. Current ID: -1
[08-Apr-2025 01:56:15 UTC] Created checkout page with ID: 248
[08-Apr-2025 01:56:15 UTC] Checking myaccount page. Current ID: -1
[08-Apr-2025 01:56:15 UTC] Created myaccount page with ID: 249
[08-Apr-2025 01:56:15 UTC] Checking terms page. Current ID: -1
[08-Apr-2025 01:56:15 UTC] Created terms page with ID: 250
[08-Apr-2025 01:56:15 UTC] Found 0 products to process
[08-Apr-2025 01:56:19 UTC] Checking shop page. Current ID: -1
[08-Apr-2025 01:56:19 UTC] Created shop page with ID: 251
[08-Apr-2025 01:56:19 UTC] Updated shop page settings. ID: 251
[08-Apr-2025 01:56:19 UTC] Checking cart page. Current ID: -1
[08-Apr-2025 01:56:19 UTC] Created cart page with ID: 252
[08-Apr-2025 01:56:19 UTC] Checking checkout page. Current ID: -1
[08-Apr-2025 01:56:19 UTC] Created checkout page with ID: 253
[08-Apr-2025 01:56:19 UTC] Checking myaccount page. Current ID: -1
[08-Apr-2025 01:56:19 UTC] Created myaccount page with ID: 254
[08-Apr-2025 01:56:19 UTC] Checking terms page. Current ID: -1
[08-Apr-2025 01:56:19 UTC] Created terms page with ID: 255
[08-Apr-2025 01:56:19 UTC] Found 0 products to process
[08-Apr-2025 01:56:19 UTC] WordPress database error Table 'local.wp_comments' doesn't exist for query SELECT  COUNT(*)
			 FROM wp_comments JOIN wp_posts ON wp_posts.ID = wp_comments.comment_post_ID
			 WHERE ( comment_approved = '0' ) AND comment_type IN ('review', '', 'comment') AND  wp_posts.post_type IN ('product') AND  comment_type != 'order_note'  AND  comment_type != 'webhook_delivery' 
			 
			 ORDER BY wp_comments.comment_date_gmt DESC
			  made by require('wp-admin/menu.php'), require_once('wp-admin/includes/menu.php'), do_action('admin_menu'), WP_Hook->do_action, WP_Hook->apply_filters, Automattic\WooCommerce\Internal\Admin\ProductReviews\Reviews->add_reviews_page, Automattic\WooCommerce\Internal\Admin\ProductReviews\Reviews->get_pending_count_bubble, get_comments, WP_Comment_Query->query, WP_Comment_Query->get_comments, WP_Comment_Query->get_comment_ids
[08-Apr-2025 01:56:21 UTC] Checking shop page. Current ID: -1
[08-Apr-2025 01:56:21 UTC] Created shop page with ID: 256
[08-Apr-2025 01:56:21 UTC] Updated shop page settings. ID: 256
[08-Apr-2025 01:56:21 UTC] Checking cart page. Current ID: -1
[08-Apr-2025 01:56:21 UTC] Created cart page with ID: 257
[08-Apr-2025 01:56:21 UTC] Checking checkout page. Current ID: -1
[08-Apr-2025 01:56:21 UTC] Checking shop page. Current ID: -1
[08-Apr-2025 01:56:21 UTC] Created checkout page with ID: 258
[08-Apr-2025 01:56:21 UTC] Checking myaccount page. Current ID: -1
[08-Apr-2025 01:56:21 UTC] Created shop page with ID: 259
[08-Apr-2025 01:56:21 UTC] Updated shop page settings. ID: 259
[08-Apr-2025 01:56:21 UTC] Checking cart page. Current ID: -1
[08-Apr-2025 01:56:21 UTC] Created myaccount page with ID: 260
[08-Apr-2025 01:56:21 UTC] Checking terms page. Current ID: -1
[08-Apr-2025 01:56:21 UTC] Created cart page with ID: 261
[08-Apr-2025 01:56:21 UTC] Checking checkout page. Current ID: -1
[08-Apr-2025 01:56:21 UTC] Created terms page with ID: 262
[08-Apr-2025 01:56:21 UTC] Found 0 products to process
[08-Apr-2025 01:56:21 UTC] Created checkout page with ID: 263
[08-Apr-2025 01:56:21 UTC] Checking myaccount page. Current ID: -1
[08-Apr-2025 01:56:21 UTC] Created myaccount page with ID: 264
[08-Apr-2025 01:56:21 UTC] Checking terms page. Current ID: -1
[08-Apr-2025 01:56:21 UTC] Created terms page with ID: 265
[08-Apr-2025 01:56:21 UTC] Found 0 products to process
[08-Apr-2025 01:56:22 UTC] Checking shop page. Current ID: -1
[08-Apr-2025 01:56:22 UTC] Created shop page with ID: 266
[08-Apr-2025 01:56:22 UTC] Updated shop page settings. ID: 266
[08-Apr-2025 01:56:22 UTC] Checking cart page. Current ID: -1
[08-Apr-2025 01:56:22 UTC] Created cart page with ID: 267
[08-Apr-2025 01:56:22 UTC] Checking checkout page. Current ID: -1
[08-Apr-2025 01:56:22 UTC] Running immediate WooCommerce setup - missing pages detected
[08-Apr-2025 01:56:22 UTC] Created checkout page with ID: 268
[08-Apr-2025 01:56:22 UTC] Checking myaccount page. Current ID: -1
[08-Apr-2025 01:56:22 UTC] Created myaccount page with ID: 269
[08-Apr-2025 01:56:22 UTC] Checking terms page. Current ID: -1
[08-Apr-2025 01:56:22 UTC] Created terms page with ID: 270
[08-Apr-2025 01:56:22 UTC] Found 0 products to process
[08-Apr-2025 01:56:22 UTC] Checking shop page. Current ID: 266
[08-Apr-2025 01:56:22 UTC] Updated shop page settings. ID: 266
[08-Apr-2025 01:56:22 UTC] Checking cart page. Current ID: 267
[08-Apr-2025 01:56:22 UTC] Checking checkout page. Current ID: -1
[08-Apr-2025 01:56:22 UTC] Created checkout page with ID: 271
[08-Apr-2025 01:56:22 UTC] Checking myaccount page. Current ID: -1
[08-Apr-2025 01:56:22 UTC] Created myaccount page with ID: 272
[08-Apr-2025 01:56:22 UTC] Checking terms page. Current ID: -1
[08-Apr-2025 01:56:22 UTC] Created terms page with ID: 273
[08-Apr-2025 01:56:22 UTC] Found 0 products to process
[08-Apr-2025 01:56:22 UTC] Checking shop page. Current ID: -1
[08-Apr-2025 01:56:22 UTC] Created shop page with ID: 274
[08-Apr-2025 01:56:22 UTC] Updated shop page settings. ID: 274
[08-Apr-2025 01:56:22 UTC] Checking cart page. Current ID: -1
[08-Apr-2025 01:56:22 UTC] Created cart page with ID: 275
[08-Apr-2025 01:56:22 UTC] Checking checkout page. Current ID: -1
[08-Apr-2025 01:56:23 UTC] Created checkout page with ID: 276
[08-Apr-2025 01:56:23 UTC] Checking myaccount page. Current ID: -1
[08-Apr-2025 01:56:23 UTC] Created myaccount page with ID: 277
[08-Apr-2025 01:56:23 UTC] Checking terms page. Current ID: -1
[08-Apr-2025 01:56:23 UTC] Created terms page with ID: 278
[08-Apr-2025 01:56:23 UTC] Found 0 products to process
[08-Apr-2025 01:56:23 UTC] Checking shop page. Current ID: 266
[08-Apr-2025 01:56:23 UTC] Updated shop page settings. ID: 266
[08-Apr-2025 01:56:23 UTC] Checking cart page. Current ID: 267
[08-Apr-2025 01:56:23 UTC] Checking checkout page. Current ID: -1
[08-Apr-2025 01:56:23 UTC] Created checkout page with ID: 279
[08-Apr-2025 01:56:23 UTC] Checking myaccount page. Current ID: -1
[08-Apr-2025 01:56:23 UTC] Created myaccount page with ID: 280
[08-Apr-2025 01:56:23 UTC] Checking terms page. Current ID: -1
[08-Apr-2025 01:56:23 UTC] Created terms page with ID: 281
[08-Apr-2025 01:56:23 UTC] Found 0 products to process
[08-Apr-2025 01:56:23 UTC] Running immediate WooCommerce setup - missing pages detected
[08-Apr-2025 01:56:23 UTC] Checking shop page. Current ID: -1
[08-Apr-2025 01:56:23 UTC] Created shop page with ID: 282
[08-Apr-2025 01:56:23 UTC] Updated shop page settings. ID: 282
[08-Apr-2025 01:56:23 UTC] Checking cart page. Current ID: -1
[08-Apr-2025 01:56:23 UTC] Created cart page with ID: 283
[08-Apr-2025 01:56:23 UTC] Checking checkout page. Current ID: -1
[08-Apr-2025 01:56:23 UTC] Created checkout page with ID: 284
[08-Apr-2025 01:56:23 UTC] Checking myaccount page. Current ID: -1
[08-Apr-2025 01:56:23 UTC] Created myaccount page with ID: 285
[08-Apr-2025 01:56:23 UTC] Checking terms page. Current ID: -1
[08-Apr-2025 01:56:23 UTC] Created terms page with ID: 286
[08-Apr-2025 01:56:23 UTC] Found 0 products to process
[08-Apr-2025 01:56:23 UTC] Checking shop page. Current ID: -1
[08-Apr-2025 01:56:23 UTC] Created shop page with ID: 287
[08-Apr-2025 01:56:23 UTC] Updated shop page settings. ID: 287
[08-Apr-2025 01:56:23 UTC] Checking cart page. Current ID: -1
[08-Apr-2025 01:56:23 UTC] Created cart page with ID: 288
[08-Apr-2025 01:56:23 UTC] Checking checkout page. Current ID: 279
[08-Apr-2025 01:56:23 UTC] Checking myaccount page. Current ID: 280
[08-Apr-2025 01:56:23 UTC] Checking terms page. Current ID: 281
[08-Apr-2025 01:56:23 UTC] Found 0 products to process
[08-Apr-2025 01:56:24 UTC] Checking shop page. Current ID: -1
[08-Apr-2025 01:56:24 UTC] Created shop page with ID: 289
[08-Apr-2025 01:56:24 UTC] Updated shop page settings. ID: 289
[08-Apr-2025 01:56:24 UTC] Checking cart page. Current ID: -1
[08-Apr-2025 01:56:24 UTC] Created cart page with ID: 290
[08-Apr-2025 01:56:24 UTC] Checking checkout page. Current ID: -1
[08-Apr-2025 01:56:24 UTC] Created checkout page with ID: 291
[08-Apr-2025 01:56:24 UTC] Checking myaccount page. Current ID: -1
[08-Apr-2025 01:56:24 UTC] Created myaccount page with ID: 292
[08-Apr-2025 01:56:24 UTC] Checking terms page. Current ID: -1
[08-Apr-2025 01:56:24 UTC] Checking shop page. Current ID: -1
[08-Apr-2025 01:56:24 UTC] Created terms page with ID: 293
[08-Apr-2025 01:56:24 UTC] Found 0 products to process
[08-Apr-2025 01:56:24 UTC] Created shop page with ID: 294
[08-Apr-2025 01:56:24 UTC] Updated shop page settings. ID: 294
[08-Apr-2025 01:56:24 UTC] Checking cart page. Current ID: -1
[08-Apr-2025 01:56:24 UTC] Created cart page with ID: 295
[08-Apr-2025 01:56:24 UTC] Checking checkout page. Current ID: 279
[08-Apr-2025 01:56:24 UTC] Checking myaccount page. Current ID: 280
[08-Apr-2025 01:56:24 UTC] Checking terms page. Current ID: 281
[08-Apr-2025 01:56:24 UTC] Found 0 products to process
[08-Apr-2025 01:56:24 UTC] WordPress database error Table 'local.wp_comments' doesn't exist for query SELECT SQL_CALC_FOUND_ROWS wp_comments.comment_ID
			 FROM wp_comments 
			 WHERE ( comment_approved = '0' ) AND comment_type IN ('review') AND  comment_type != 'order_note'  AND  comment_type != 'webhook_delivery' 
			 
			 ORDER BY wp_comments.comment_date_gmt DESC, wp_comments.comment_ID DESC
			 LIMIT 0,1 made by require('wp-blog-header.php'), wp, WP->main, WP->parse_request, do_action_ref_array('parse_request'), WP_Hook->do_action, WP_Hook->apply_filters, rest_api_loaded, WP_REST_Server->serve_request, WP_REST_Server->dispatch, WP_REST_Server->respond_to_request, WC_REST_Product_Reviews_Controller->get_items, WP_Comment_Query->query, WP_Comment_Query->get_comments, WP_Comment_Query->get_comment_ids
[08-Apr-2025 01:56:24 UTC] WordPress database error Table 'local.wp_comments' doesn't exist for query SELECT SQL_CALC_FOUND_ROWS COUNT(*)
			 FROM wp_comments 
			 WHERE ( comment_approved = '0' ) AND comment_type IN ('review') AND  comment_type != 'order_note'  AND  comment_type != 'webhook_delivery' 
			 
			 ORDER BY wp_comments.comment_date_gmt DESC, wp_comments.comment_ID DESC
			  made by require('wp-blog-header.php'), wp, WP->main, WP->parse_request, do_action_ref_array('parse_request'), WP_Hook->do_action, WP_Hook->apply_filters, rest_api_loaded, WP_REST_Server->serve_request, WP_REST_Server->dispatch, WP_REST_Server->respond_to_request, WC_REST_Product_Reviews_Controller->get_items, WP_Comment_Query->query, WP_Comment_Query->get_comments, WP_Comment_Query->get_comment_ids
[08-Apr-2025 01:56:25 UTC] Checking shop page. Current ID: -1
[08-Apr-2025 01:56:25 UTC] Created shop page with ID: 296
[08-Apr-2025 01:56:25 UTC] Updated shop page settings. ID: 296
[08-Apr-2025 01:56:25 UTC] Checking cart page. Current ID: -1
[08-Apr-2025 01:56:25 UTC] Created cart page with ID: 297
[08-Apr-2025 01:56:25 UTC] Checking checkout page. Current ID: -1
[08-Apr-2025 01:56:25 UTC] Created checkout page with ID: 298
[08-Apr-2025 01:56:25 UTC] Checking myaccount page. Current ID: -1
[08-Apr-2025 01:56:25 UTC] Created myaccount page with ID: 299
[08-Apr-2025 01:56:25 UTC] Checking terms page. Current ID: -1
[08-Apr-2025 01:56:25 UTC] Created terms page with ID: 300
[08-Apr-2025 01:56:25 UTC] Found 0 products to process
[08-Apr-2025 01:56:25 UTC] Running immediate WooCommerce setup - missing pages detected
[08-Apr-2025 01:56:25 UTC] Checking shop page. Current ID: -1
[08-Apr-2025 01:56:25 UTC] Created shop page with ID: 301
[08-Apr-2025 01:56:25 UTC] Updated shop page settings. ID: 301
[08-Apr-2025 01:56:25 UTC] Checking cart page. Current ID: -1
[08-Apr-2025 01:56:25 UTC] Created cart page with ID: 302
[08-Apr-2025 01:56:25 UTC] Checking checkout page. Current ID: -1
[08-Apr-2025 01:56:25 UTC] Created checkout page with ID: 303
[08-Apr-2025 01:56:25 UTC] Checking myaccount page. Current ID: -1
[08-Apr-2025 01:56:25 UTC] Created myaccount page with ID: 304
[08-Apr-2025 01:56:25 UTC] Checking terms page. Current ID: -1
[08-Apr-2025 01:56:25 UTC] Created terms page with ID: 305
[08-Apr-2025 01:56:25 UTC] Found 0 products to process
[08-Apr-2025 01:56:26 UTC] Checking shop page. Current ID: -1
[08-Apr-2025 01:56:26 UTC] Created shop page with ID: 306
[08-Apr-2025 01:56:26 UTC] Updated shop page settings. ID: 306
[08-Apr-2025 01:56:26 UTC] Checking cart page. Current ID: -1
[08-Apr-2025 01:56:26 UTC] Created cart page with ID: 307
[08-Apr-2025 01:56:26 UTC] Checking checkout page. Current ID: -1
[08-Apr-2025 01:56:26 UTC] Created checkout page with ID: 308
[08-Apr-2025 01:56:26 UTC] Checking myaccount page. Current ID: -1
[08-Apr-2025 01:56:26 UTC] Created myaccount page with ID: 309
[08-Apr-2025 01:56:26 UTC] Checking terms page. Current ID: -1
[08-Apr-2025 01:56:26 UTC] Created terms page with ID: 310
[08-Apr-2025 01:56:26 UTC] Found 0 products to process
[08-Apr-2025 01:56:26 UTC] Checking shop page. Current ID: -1
[08-Apr-2025 01:56:26 UTC] Created shop page with ID: 311
[08-Apr-2025 01:56:26 UTC] Updated shop page settings. ID: 311
[08-Apr-2025 01:56:26 UTC] Checking cart page. Current ID: -1
[08-Apr-2025 01:56:26 UTC] Created cart page with ID: 312
[08-Apr-2025 01:56:26 UTC] Checking checkout page. Current ID: -1
[08-Apr-2025 01:56:26 UTC] Created checkout page with ID: 313
[08-Apr-2025 01:56:26 UTC] Checking myaccount page. Current ID: -1
[08-Apr-2025 01:56:26 UTC] Created myaccount page with ID: 314
[08-Apr-2025 01:56:26 UTC] Checking terms page. Current ID: -1
[08-Apr-2025 01:56:26 UTC] Created terms page with ID: 315
[08-Apr-2025 01:56:26 UTC] Found 0 products to process
[08-Apr-2025 01:56:26 UTC] Checking shop page. Current ID: -1
[08-Apr-2025 01:56:26 UTC] Created shop page with ID: 316
[08-Apr-2025 01:56:26 UTC] Updated shop page settings. ID: 316
[08-Apr-2025 01:56:26 UTC] Checking cart page. Current ID: -1
[08-Apr-2025 01:56:26 UTC] Created cart page with ID: 317
[08-Apr-2025 01:56:26 UTC] Checking checkout page. Current ID: -1
[08-Apr-2025 01:56:26 UTC] Created checkout page with ID: 318
[08-Apr-2025 01:56:26 UTC] Checking myaccount page. Current ID: -1
[08-Apr-2025 01:56:26 UTC] Created myaccount page with ID: 319
[08-Apr-2025 01:56:26 UTC] Checking terms page. Current ID: -1
[08-Apr-2025 01:56:26 UTC] Created terms page with ID: 320
[08-Apr-2025 01:56:26 UTC] Found 0 products to process
[08-Apr-2025 01:56:27 UTC] Checking shop page. Current ID: -1
[08-Apr-2025 01:56:27 UTC] Created shop page with ID: 321
[08-Apr-2025 01:56:27 UTC] Updated shop page settings. ID: 321
[08-Apr-2025 01:56:27 UTC] Checking cart page. Current ID: -1
[08-Apr-2025 01:56:27 UTC] Created cart page with ID: 322
[08-Apr-2025 01:56:27 UTC] Checking checkout page. Current ID: -1
[08-Apr-2025 01:56:27 UTC] Created checkout page with ID: 323
[08-Apr-2025 01:56:27 UTC] Checking myaccount page. Current ID: -1
[08-Apr-2025 01:56:27 UTC] Created myaccount page with ID: 324
[08-Apr-2025 01:56:27 UTC] Checking terms page. Current ID: -1
[08-Apr-2025 01:56:27 UTC] Created terms page with ID: 325
[08-Apr-2025 01:56:27 UTC] Found 0 products to process
[08-Apr-2025 01:56:27 UTC] Checking shop page. Current ID: -1
[08-Apr-2025 01:56:27 UTC] Created shop page with ID: 326
[08-Apr-2025 01:56:27 UTC] Updated shop page settings. ID: 326
[08-Apr-2025 01:56:27 UTC] Checking cart page. Current ID: -1
[08-Apr-2025 01:56:27 UTC] Created cart page with ID: 327
[08-Apr-2025 01:56:27 UTC] Checking checkout page. Current ID: -1
[08-Apr-2025 01:56:27 UTC] Created checkout page with ID: 328
[08-Apr-2025 01:56:27 UTC] Checking myaccount page. Current ID: -1
[08-Apr-2025 01:56:27 UTC] Created myaccount page with ID: 329
[08-Apr-2025 01:56:27 UTC] Checking terms page. Current ID: -1
[08-Apr-2025 01:56:27 UTC] Created terms page with ID: 330
[08-Apr-2025 01:56:27 UTC] Found 0 products to process
[08-Apr-2025 01:56:27 UTC] Checking shop page. Current ID: -1
[08-Apr-2025 01:56:27 UTC] Created shop page with ID: 331
[08-Apr-2025 01:56:27 UTC] Updated shop page settings. ID: 331
[08-Apr-2025 01:56:27 UTC] Checking cart page. Current ID: -1
[08-Apr-2025 01:56:27 UTC] Created cart page with ID: 332
[08-Apr-2025 01:56:27 UTC] Checking checkout page. Current ID: -1
[08-Apr-2025 01:56:27 UTC] Created checkout page with ID: 333
[08-Apr-2025 01:56:27 UTC] Checking myaccount page. Current ID: -1
[08-Apr-2025 01:56:27 UTC] Created myaccount page with ID: 334
[08-Apr-2025 01:56:27 UTC] Checking terms page. Current ID: -1
[08-Apr-2025 01:56:27 UTC] Created terms page with ID: 335
[08-Apr-2025 01:56:27 UTC] Found 0 products to process
[08-Apr-2025 01:56:28 UTC] Checking shop page. Current ID: -1
[08-Apr-2025 01:56:28 UTC] Created shop page with ID: 336
[08-Apr-2025 01:56:28 UTC] Updated shop page settings. ID: 336
[08-Apr-2025 01:56:28 UTC] Checking cart page. Current ID: -1
[08-Apr-2025 01:56:28 UTC] Created cart page with ID: 337
[08-Apr-2025 01:56:28 UTC] Checking checkout page. Current ID: -1
[08-Apr-2025 01:56:28 UTC] Created checkout page with ID: 338
[08-Apr-2025 01:56:28 UTC] Checking myaccount page. Current ID: -1
[08-Apr-2025 01:56:28 UTC] Created myaccount page with ID: 339
[08-Apr-2025 01:56:28 UTC] Checking terms page. Current ID: -1
[08-Apr-2025 01:56:28 UTC] Created terms page with ID: 340
[08-Apr-2025 01:56:28 UTC] Found 0 products to process
[08-Apr-2025 01:56:28 UTC] Checking shop page. Current ID: -1
[08-Apr-2025 01:56:28 UTC] Created shop page with ID: 341
[08-Apr-2025 01:56:28 UTC] Updated shop page settings. ID: 341
[08-Apr-2025 01:56:28 UTC] Checking cart page. Current ID: -1
[08-Apr-2025 01:56:28 UTC] Created cart page with ID: 342
[08-Apr-2025 01:56:28 UTC] Checking checkout page. Current ID: -1
[08-Apr-2025 01:56:28 UTC] Created checkout page with ID: 343
[08-Apr-2025 01:56:28 UTC] Checking myaccount page. Current ID: -1
[08-Apr-2025 01:56:28 UTC] Created myaccount page with ID: 344
[08-Apr-2025 01:56:28 UTC] Checking terms page. Current ID: -1
[08-Apr-2025 01:56:28 UTC] Created terms page with ID: 345
[08-Apr-2025 01:56:28 UTC] Found 0 products to process
[08-Apr-2025 01:56:28 UTC] Checking shop page. Current ID: -1
[08-Apr-2025 01:56:28 UTC] Created shop page with ID: 346
[08-Apr-2025 01:56:28 UTC] Updated shop page settings. ID: 346
[08-Apr-2025 01:56:28 UTC] Checking cart page. Current ID: -1
[08-Apr-2025 01:56:28 UTC] Created cart page with ID: 347
[08-Apr-2025 01:56:28 UTC] Checking checkout page. Current ID: -1
[08-Apr-2025 01:56:28 UTC] Created checkout page with ID: 348
[08-Apr-2025 01:56:28 UTC] Checking myaccount page. Current ID: -1
[08-Apr-2025 01:56:28 UTC] Created myaccount page with ID: 349
[08-Apr-2025 01:56:28 UTC] Checking terms page. Current ID: -1
[08-Apr-2025 01:56:28 UTC] Created terms page with ID: 350
[08-Apr-2025 01:56:28 UTC] Found 0 products to process
[08-Apr-2025 01:56:29 UTC] Checking shop page. Current ID: -1
[08-Apr-2025 01:56:29 UTC] Created shop page with ID: 351
[08-Apr-2025 01:56:29 UTC] Updated shop page settings. ID: 351
[08-Apr-2025 01:56:29 UTC] Checking cart page. Current ID: -1
[08-Apr-2025 01:56:29 UTC] Created cart page with ID: 352
[08-Apr-2025 01:56:29 UTC] Checking checkout page. Current ID: -1
[08-Apr-2025 01:56:29 UTC] Created checkout page with ID: 353
[08-Apr-2025 01:56:29 UTC] Checking myaccount page. Current ID: -1
[08-Apr-2025 01:56:29 UTC] Created myaccount page with ID: 354
[08-Apr-2025 01:56:29 UTC] Checking terms page. Current ID: -1
[08-Apr-2025 01:56:29 UTC] Created terms page with ID: 355
[08-Apr-2025 01:56:29 UTC] Found 0 products to process
[08-Apr-2025 01:56:31 UTC] Checking shop page. Current ID: -1
[08-Apr-2025 01:56:31 UTC] Created shop page with ID: 356
[08-Apr-2025 01:56:31 UTC] Updated shop page settings. ID: 356
[08-Apr-2025 01:56:31 UTC] Checking cart page. Current ID: -1
[08-Apr-2025 01:56:31 UTC] Created cart page with ID: 357
[08-Apr-2025 01:56:31 UTC] Checking checkout page. Current ID: -1
[08-Apr-2025 01:56:31 UTC] Created checkout page with ID: 358
[08-Apr-2025 01:56:31 UTC] Checking myaccount page. Current ID: -1
[08-Apr-2025 01:56:31 UTC] Created myaccount page with ID: 359
[08-Apr-2025 01:56:31 UTC] Checking terms page. Current ID: -1
[08-Apr-2025 01:56:31 UTC] Created terms page with ID: 360
[08-Apr-2025 01:56:31 UTC] Found 0 products to process
[08-Apr-2025 01:56:53 UTC] Checking shop page. Current ID: -1
[08-Apr-2025 01:56:53 UTC] Created shop page with ID: 361
[08-Apr-2025 01:56:53 UTC] Updated shop page settings. ID: 361
[08-Apr-2025 01:56:53 UTC] Checking cart page. Current ID: -1
[08-Apr-2025 01:56:53 UTC] Created cart page with ID: 362
[08-Apr-2025 01:56:53 UTC] Checking checkout page. Current ID: -1
[08-Apr-2025 01:56:53 UTC] Created checkout page with ID: 363
[08-Apr-2025 01:56:53 UTC] Checking myaccount page. Current ID: -1
[08-Apr-2025 01:56:53 UTC] Created myaccount page with ID: 364
[08-Apr-2025 01:56:53 UTC] Checking terms page. Current ID: -1
[08-Apr-2025 01:56:53 UTC] Created terms page with ID: 365
[08-Apr-2025 01:56:53 UTC] Found 0 products to process
[08-Apr-2025 01:57:17 UTC] PHP Fatal error:  Cannot redeclare cuevas_woocommerce_setup() (previously declared in C:\Users\I7 8700k\Local Sites\Cuevas-site-revamp-final\app\public\wp-content\themes\cuevas-theme\functions.php:353) in C:\Users\I7 8700k\Local Sites\Cuevas-site-revamp-final\app\public\wp-content\themes\cuevas-theme\inc\woocommerce-setup.php on line 16
[08-Apr-2025 01:57:17 UTC] PHP Notice:  Function _load_textdomain_just_in_time was called <strong>incorrectly</strong>. Translation loading for the <code>cuevas</code> domain was triggered too early. This is usually an indicator for some code in the plugin or theme running too early. Translations should be loaded at the <code>init</code> action or later. Please see <a href="https://developer.wordpress.org/advanced-administration/debug/debug-wordpress/">Debugging in WordPress</a> for more information. (This message was added in version 6.7.0.) in C:\Users\I7 8700k\Local Sites\Cuevas-site-revamp-final\app\public\wp-includes\functions.php on line 6114
[08-Apr-2025 01:57:17 UTC] PHP Warning:  Trying to access array offset on value of type bool in C:\Users\I7 8700k\Local Sites\Cuevas-site-revamp-final\app\public\wp-includes\class-wp-recovery-mode-email-service.php on line 367
[08-Apr-2025 01:57:17 UTC] PHP Warning:  Trying to access array offset on value of type bool in C:\Users\I7 8700k\Local Sites\Cuevas-site-revamp-final\app\public\wp-includes\class-wp-recovery-mode-email-service.php on line 368
[08-Apr-2025 01:57:20 UTC] PHP Fatal error:  Cannot redeclare cuevas_woocommerce_setup() (previously declared in C:\Users\I7 8700k\Local Sites\Cuevas-site-revamp-final\app\public\wp-content\themes\cuevas-theme\functions.php:353) in C:\Users\I7 8700k\Local Sites\Cuevas-site-revamp-final\app\public\wp-content\themes\cuevas-theme\inc\woocommerce-setup.php on line 16
[08-Apr-2025 01:57:20 UTC] PHP Fatal error:  Cannot redeclare cuevas_woocommerce_setup() (previously declared in C:\Users\I7 8700k\Local Sites\Cuevas-site-revamp-final\app\public\wp-content\themes\cuevas-theme\functions.php:353) in C:\Users\I7 8700k\Local Sites\Cuevas-site-revamp-final\app\public\wp-content\themes\cuevas-theme\inc\woocommerce-setup.php on line 16
[08-Apr-2025 01:58:10 UTC] PHP Fatal error:  Cannot redeclare cuevas_woocommerce_setup() (previously declared in C:\Users\I7 8700k\Local Sites\Cuevas-site-revamp-final\app\public\wp-content\themes\cuevas-theme\functions.php:353) in C:\Users\I7 8700k\Local Sites\Cuevas-site-revamp-final\app\public\wp-content\themes\cuevas-theme\inc\woocommerce-setup.php on line 13
[08-Apr-2025 01:58:13 UTC] PHP Fatal error:  Cannot redeclare cuevas_woocommerce_setup() (previously declared in C:\Users\I7 8700k\Local Sites\Cuevas-site-revamp-final\app\public\wp-content\themes\cuevas-theme\functions.php:353) in C:\Users\I7 8700k\Local Sites\Cuevas-site-revamp-final\app\public\wp-content\themes\cuevas-theme\inc\woocommerce-setup.php on line 13
[08-Apr-2025 01:58:14 UTC] PHP Fatal error:  Cannot redeclare cuevas_woocommerce_setup() (previously declared in C:\Users\I7 8700k\Local Sites\Cuevas-site-revamp-final\app\public\wp-content\themes\cuevas-theme\functions.php:353) in C:\Users\I7 8700k\Local Sites\Cuevas-site-revamp-final\app\public\wp-content\themes\cuevas-theme\inc\woocommerce-setup.php on line 13
[08-Apr-2025 01:58:44 UTC] PHP Fatal error:  Cannot redeclare cuevas_woocommerce_setup() (previously declared in C:\Users\I7 8700k\Local Sites\Cuevas-site-revamp-final\app\public\wp-content\themes\cuevas-theme\functions.php:353) in C:\Users\I7 8700k\Local Sites\Cuevas-site-revamp-final\app\public\wp-content\themes\cuevas-theme\inc\woocommerce-setup.php on line 13
[08-Apr-2025 01:58:44 UTC] PHP Fatal error:  Cannot redeclare cuevas_woocommerce_setup() (previously declared in C:\Users\I7 8700k\Local Sites\Cuevas-site-revamp-final\app\public\wp-content\themes\cuevas-theme\functions.php:353) in C:\Users\I7 8700k\Local Sites\Cuevas-site-revamp-final\app\public\wp-content\themes\cuevas-theme\inc\woocommerce-setup.php on line 13
[08-Apr-2025 01:58:53 UTC] PHP Fatal error:  Cannot redeclare cuevas_woocommerce_setup() (previously declared in C:\Users\I7 8700k\Local Sites\Cuevas-site-revamp-final\app\public\wp-content\themes\cuevas-theme\functions.php:353) in C:\Users\I7 8700k\Local Sites\Cuevas-site-revamp-final\app\public\wp-content\themes\cuevas-theme\inc\woocommerce-setup.php on line 13
[08-Apr-2025 01:59:24 UTC] PHP Fatal error:  Cannot redeclare cuevas_woocommerce_setup() (previously declared in C:\Users\I7 8700k\Local Sites\Cuevas-site-revamp-final\app\public\wp-content\themes\cuevas-theme\functions.php:353) in C:\Users\I7 8700k\Local Sites\Cuevas-site-revamp-final\app\public\wp-content\themes\cuevas-theme\inc\woocommerce-setup.php on line 13
[08-Apr-2025 01:59:24 UTC] PHP Fatal error:  Cannot redeclare cuevas_woocommerce_setup() (previously declared in C:\Users\I7 8700k\Local Sites\Cuevas-site-revamp-final\app\public\wp-content\themes\cuevas-theme\functions.php:353) in C:\Users\I7 8700k\Local Sites\Cuevas-site-revamp-final\app\public\wp-content\themes\cuevas-theme\inc\woocommerce-setup.php on line 13
[08-Apr-2025 02:00:08 UTC] PHP Fatal error:  Cannot redeclare cuevas_woocommerce_setup() (previously declared in C:\Users\I7 8700k\Local Sites\Cuevas-site-revamp-final\app\public\wp-content\themes\cuevas-theme\functions.php:353) in C:\Users\I7 8700k\Local Sites\Cuevas-site-revamp-final\app\public\wp-content\themes\cuevas-theme\inc\woocommerce-setup.php on line 13
[08-Apr-2025 02:00:08 UTC] PHP Fatal error:  Cannot redeclare cuevas_woocommerce_setup() (previously declared in C:\Users\I7 8700k\Local Sites\Cuevas-site-revamp-final\app\public\wp-content\themes\cuevas-theme\functions.php:353) in C:\Users\I7 8700k\Local Sites\Cuevas-site-revamp-final\app\public\wp-content\themes\cuevas-theme\inc\woocommerce-setup.php on line 13
[08-Apr-2025 02:00:08 UTC] PHP Fatal error:  Cannot redeclare cuevas_woocommerce_setup() (previously declared in C:\Users\I7 8700k\Local Sites\Cuevas-site-revamp-final\app\public\wp-content\themes\cuevas-theme\functions.php:353) in C:\Users\I7 8700k\Local Sites\Cuevas-site-revamp-final\app\public\wp-content\themes\cuevas-theme\inc\woocommerce-setup.php on line 13
[08-Apr-2025 02:00:54 UTC] PHP Fatal error:  Cannot redeclare cuevas_woocommerce_setup() (previously declared in C:\Users\I7 8700k\Local Sites\Cuevas-site-revamp-final\app\public\wp-content\themes\cuevas-theme\functions.php:353) in C:\Users\I7 8700k\Local Sites\Cuevas-site-revamp-final\app\public\wp-content\themes\cuevas-theme\inc\woocommerce-setup.php on line 13
[08-Apr-2025 02:01:08 UTC] PHP Fatal error:  Cannot redeclare cuevas_woocommerce_setup() (previously declared in C:\Users\I7 8700k\Local Sites\Cuevas-site-revamp-final\app\public\wp-content\themes\cuevas-theme\functions.php:353) in C:\Users\I7 8700k\Local Sites\Cuevas-site-revamp-final\app\public\wp-content\themes\cuevas-theme\inc\woocommerce-setup.php on line 13
[08-Apr-2025 02:01:09 UTC] PHP Fatal error:  Cannot redeclare cuevas_woocommerce_setup() (previously declared in C:\Users\I7 8700k\Local Sites\Cuevas-site-revamp-final\app\public\wp-content\themes\cuevas-theme\functions.php:353) in C:\Users\I7 8700k\Local Sites\Cuevas-site-revamp-final\app\public\wp-content\themes\cuevas-theme\inc\woocommerce-setup.php on line 13
[08-Apr-2025 02:01:10 UTC] PHP Fatal error:  Cannot redeclare cuevas_woocommerce_setup() (previously declared in C:\Users\I7 8700k\Local Sites\Cuevas-site-revamp-final\app\public\wp-content\themes\cuevas-theme\functions.php:353) in C:\Users\I7 8700k\Local Sites\Cuevas-site-revamp-final\app\public\wp-content\themes\cuevas-theme\inc\woocommerce-setup.php on line 13
[08-Apr-2025 02:01:10 UTC] PHP Fatal error:  Cannot redeclare cuevas_woocommerce_setup() (previously declared in C:\Users\I7 8700k\Local Sites\Cuevas-site-revamp-final\app\public\wp-content\themes\cuevas-theme\functions.php:353) in C:\Users\I7 8700k\Local Sites\Cuevas-site-revamp-final\app\public\wp-content\themes\cuevas-theme\inc\woocommerce-setup.php on line 13
[08-Apr-2025 02:01:36 UTC] WordPress database error Table 'local.wp_comments' doesn't exist for query SELECT  COUNT(*)
			 FROM wp_comments JOIN wp_posts ON wp_posts.ID = wp_comments.comment_post_ID
			 WHERE ( comment_approved = '0' ) AND comment_type IN ('review', '', 'comment') AND  wp_posts.post_type IN ('product') AND  comment_type != 'order_note'  AND  comment_type != 'webhook_delivery' 
			 
			 ORDER BY wp_comments.comment_date_gmt DESC
			  made by require_once('wp-admin/admin.php'), require('wp-admin/menu.php'), require_once('wp-admin/includes/menu.php'), do_action('admin_menu'), WP_Hook->do_action, WP_Hook->apply_filters, Automattic\WooCommerce\Internal\Admin\ProductReviews\Reviews->add_reviews_page, Automattic\WooCommerce\Internal\Admin\ProductReviews\Reviews->get_pending_count_bubble, get_comments, WP_Comment_Query->query, WP_Comment_Query->get_comments, WP_Comment_Query->get_comment_ids
[08-Apr-2025 02:01:37 UTC] WordPress database error Table 'local.wp_comments' doesn't exist for query SELECT  wp_comments.comment_ID
			 FROM wp_comments 
			 WHERE ( ( comment_approved = '0' OR comment_approved = '1' ) ) AND  comment_type != 'order_note'  AND  comment_type != 'webhook_delivery' 
			 
			 ORDER BY wp_comments.comment_date_gmt DESC
			 LIMIT 0,25 made by wp_dashboard, do_meta_boxes, wp_dashboard_site_activity, wp_dashboard_recent_comments, get_comments, WP_Comment_Query->query, WP_Comment_Query->get_comments, WP_Comment_Query->get_comment_ids
[08-Apr-2025 02:01:51 UTC] WordPress database error Table 'local.wp_comments' doesn't exist for query SELECT  COUNT(*)
			 FROM wp_comments JOIN wp_posts ON wp_posts.ID = wp_comments.comment_post_ID
			 WHERE ( comment_approved = '0' ) AND comment_type IN ('review', '', 'comment') AND  wp_posts.post_type IN ('product') AND  comment_type != 'order_note'  AND  comment_type != 'webhook_delivery' 
			 
			 ORDER BY wp_comments.comment_date_gmt DESC
			  made by require_once('wp-admin/admin.php'), require('wp-admin/menu.php'), require_once('wp-admin/includes/menu.php'), do_action('admin_menu'), WP_Hook->do_action, WP_Hook->apply_filters, Automattic\WooCommerce\Internal\Admin\ProductReviews\Reviews->add_reviews_page, Automattic\WooCommerce\Internal\Admin\ProductReviews\Reviews->get_pending_count_bubble, get_comments, WP_Comment_Query->query, WP_Comment_Query->get_comments, WP_Comment_Query->get_comment_ids
[08-Apr-2025 02:01:51 UTC] WordPress database error Table 'local.wp_comments' doesn't exist for query SELECT  wp_comments.comment_ID
			 FROM wp_comments 
			 WHERE ( ( comment_approved = '0' OR comment_approved = '1' ) ) AND  comment_type != 'order_note'  AND  comment_type != 'webhook_delivery' 
			 
			 ORDER BY wp_comments.comment_date_gmt DESC
			 LIMIT 0,25 made by wp_dashboard, do_meta_boxes, wp_dashboard_site_activity, wp_dashboard_recent_comments, get_comments, WP_Comment_Query->query, WP_Comment_Query->get_comments, WP_Comment_Query->get_comment_ids
[08-Apr-2025 02:17:21 UTC] WordPress database error Table 'local.wp_comments' doesn't exist for query SELECT  COUNT(*)
			 FROM wp_comments JOIN wp_posts ON wp_posts.ID = wp_comments.comment_post_ID
			 WHERE ( comment_approved = '0' ) AND comment_type IN ('review', '', 'comment') AND  wp_posts.post_type IN ('product') AND  comment_type != 'order_note'  AND  comment_type != 'webhook_delivery' 
			 
			 ORDER BY wp_comments.comment_date_gmt DESC
			  made by require_once('wp-admin/admin.php'), require('wp-admin/menu.php'), require_once('wp-admin/includes/menu.php'), do_action('admin_menu'), WP_Hook->do_action, WP_Hook->apply_filters, Automattic\WooCommerce\Internal\Admin\ProductReviews\Reviews->add_reviews_page, Automattic\WooCommerce\Internal\Admin\ProductReviews\Reviews->get_pending_count_bubble, get_comments, WP_Comment_Query->query, WP_Comment_Query->get_comments, WP_Comment_Query->get_comment_ids
[08-Apr-2025 02:17:21 UTC] WordPress database error Table 'local.wp_comments' doesn't exist for query SELECT  wp_comments.comment_ID
			 FROM wp_comments 
			 WHERE ( ( comment_approved = '0' OR comment_approved = '1' ) ) AND  comment_type != 'order_note'  AND  comment_type != 'webhook_delivery' 
			 
			 ORDER BY wp_comments.comment_date_gmt DESC
			 LIMIT 0,25 made by wp_dashboard, do_meta_boxes, wp_dashboard_site_activity, wp_dashboard_recent_comments, get_comments, WP_Comment_Query->query, WP_Comment_Query->get_comments, WP_Comment_Query->get_comment_ids
[08-Apr-2025 02:17:24 UTC] WordPress database error Table 'local.wp_comments' doesn't exist for query SELECT  COUNT(*)
			 FROM wp_comments JOIN wp_posts ON wp_posts.ID = wp_comments.comment_post_ID
			 WHERE ( comment_approved = '0' ) AND comment_type IN ('review', '', 'comment') AND  wp_posts.post_type IN ('product') AND  comment_type != 'order_note'  AND  comment_type != 'webhook_delivery' 
			 
			 ORDER BY wp_comments.comment_date_gmt DESC
			  made by require_once('wp-admin/admin.php'), require('wp-admin/menu.php'), require_once('wp-admin/includes/menu.php'), do_action('admin_menu'), WP_Hook->do_action, WP_Hook->apply_filters, Automattic\WooCommerce\Internal\Admin\ProductReviews\Reviews->add_reviews_page, Automattic\WooCommerce\Internal\Admin\ProductReviews\Reviews->get_pending_count_bubble, get_comments, WP_Comment_Query->query, WP_Comment_Query->get_comments, WP_Comment_Query->get_comment_ids
[08-Apr-2025 02:17:26 UTC] WordPress database error Table 'local.wp_comments' doesn't exist for query SELECT SQL_CALC_FOUND_ROWS wp_comments.comment_ID
			 FROM wp_comments 
			 WHERE ( comment_approved = '0' ) AND comment_type IN ('review') AND  comment_type != 'order_note'  AND  comment_type != 'webhook_delivery' 
			 
			 ORDER BY wp_comments.comment_date_gmt DESC, wp_comments.comment_ID DESC
			 LIMIT 0,1 made by require('wp-blog-header.php'), wp, WP->main, WP->parse_request, do_action_ref_array('parse_request'), WP_Hook->do_action, WP_Hook->apply_filters, rest_api_loaded, WP_REST_Server->serve_request, WP_REST_Server->dispatch, WP_REST_Server->respond_to_request, WC_REST_Product_Reviews_Controller->get_items, WP_Comment_Query->query, WP_Comment_Query->get_comments, WP_Comment_Query->get_comment_ids
[08-Apr-2025 02:17:26 UTC] WordPress database error Table 'local.wp_comments' doesn't exist for query SELECT SQL_CALC_FOUND_ROWS COUNT(*)
			 FROM wp_comments 
			 WHERE ( comment_approved = '0' ) AND comment_type IN ('review') AND  comment_type != 'order_note'  AND  comment_type != 'webhook_delivery' 
			 
			 ORDER BY wp_comments.comment_date_gmt DESC, wp_comments.comment_ID DESC
			  made by require('wp-blog-header.php'), wp, WP->main, WP->parse_request, do_action_ref_array('parse_request'), WP_Hook->do_action, WP_Hook->apply_filters, rest_api_loaded, WP_REST_Server->serve_request, WP_REST_Server->dispatch, WP_REST_Server->respond_to_request, WC_REST_Product_Reviews_Controller->get_items, WP_Comment_Query->query, WP_Comment_Query->get_comments, WP_Comment_Query->get_comment_ids
[08-Apr-2025 02:18:11 UTC] PHP Warning:  mysqli_real_connect(): (HY000/2002): No connection could be made because the target machine actively refused it in C:\Users\I7 8700k\Local Sites\Cuevas-site-revamp-final\app\public\wp-includes\class-wpdb.php on line 1982
[08-Apr-2025 02:18:11 UTC] PHP Warning:  mysqli_real_connect(): (HY000/2002): No connection could be made because the target machine actively refused it in C:\Users\I7 8700k\Local Sites\Cuevas-site-revamp-final\app\public\wp-includes\class-wpdb.php on line 1982
[08-Apr-2025 02:18:12 UTC] PHP Warning:  mysqli_real_connect(): (HY000/2002): No connection could be made because the target machine actively refused it in C:\Users\I7 8700k\Local Sites\Cuevas-site-revamp-final\app\public\wp-includes\class-wpdb.php on line 1982
[08-Apr-2025 02:18:13 UTC] PHP Warning:  mysqli_real_connect(): (HY000/2002): No connection could be made because the target machine actively refused it in C:\Users\I7 8700k\Local Sites\Cuevas-site-revamp-final\app\public\wp-includes\class-wpdb.php on line 1982
[08-Apr-2025 02:18:13 UTC] PHP Warning:  mysqli_real_connect(): (HY000/2002): No connection could be made because the target machine actively refused it in C:\Users\I7 8700k\Local Sites\Cuevas-site-revamp-final\app\public\wp-includes\class-wpdb.php on line 1982
[08-Apr-2025 02:18:17 UTC] PHP Warning:  mysqli_real_connect(): (HY000/2002): No connection could be made because the target machine actively refused it in C:\Users\I7 8700k\Local Sites\Cuevas-site-revamp-final\app\public\wp-includes\class-wpdb.php on line 1982
[08-Apr-2025 02:18:18 UTC] PHP Warning:  mysqli_real_connect(): (HY000/2002): No connection could be made because the target machine actively refused it in C:\Users\I7 8700k\Local Sites\Cuevas-site-revamp-final\app\public\wp-includes\class-wpdb.php on line 1982
[08-Apr-2025 02:18:19 UTC] PHP Warning:  mysqli_real_connect(): (HY000/2002): No connection could be made because the target machine actively refused it in C:\Users\I7 8700k\Local Sites\Cuevas-site-revamp-final\app\public\wp-includes\class-wpdb.php on line 1982
[08-Apr-2025 02:18:24 UTC] PHP Warning:  mysqli_real_connect(): (HY000/2002): No connection could be made because the target machine actively refused it in C:\Users\I7 8700k\Local Sites\Cuevas-site-revamp-final\app\public\wp-includes\class-wpdb.php on line 1982
[08-Apr-2025 02:18:25 UTC] PHP Warning:  mysqli_real_connect(): (HY000/2002): No connection could be made because the target machine actively refused it in C:\Users\I7 8700k\Local Sites\Cuevas-site-revamp-final\app\public\wp-includes\class-wpdb.php on line 1982
[08-Apr-2025 02:18:29 UTC] PHP Warning:  mysqli_real_connect(): (HY000/2002): No connection could be made because the target machine actively refused it in C:\Users\I7 8700k\Local Sites\Cuevas-site-revamp-final\app\public\wp-includes\class-wpdb.php on line 1982
[08-Apr-2025 02:19:02 UTC] PHP Warning:  mysqli_real_connect(): (HY000/2002): No connection could be made because the target machine actively refused it in C:\Users\I7 8700k\Local Sites\Cuevas-site-revamp-final\app\public\wp-includes\class-wpdb.php on line 1982
[08-Apr-2025 02:19:05 UTC] PHP Warning:  mysqli_real_connect(): (HY000/2002): No connection could be made because the target machine actively refused it in C:\Users\I7 8700k\Local Sites\Cuevas-site-revamp-final\app\public\wp-includes\class-wpdb.php on line 1982
[08-Apr-2025 02:19:05 UTC] PHP Warning:  mysqli_real_connect(): (HY000/2002): No connection could be made because the target machine actively refused it in C:\Users\I7 8700k\Local Sites\Cuevas-site-revamp-final\app\public\wp-includes\class-wpdb.php on line 1982
[08-Apr-2025 02:19:07 UTC] PHP Warning:  mysqli_real_connect(): (HY000/2002): No connection could be made because the target machine actively refused it in C:\Users\I7 8700k\Local Sites\Cuevas-site-revamp-final\app\public\wp-includes\class-wpdb.php on line 1982
[08-Apr-2025 02:19:09 UTC] PHP Warning:  mysqli_real_connect(): (HY000/2002): No connection could be made because the target machine actively refused it in C:\Users\I7 8700k\Local Sites\Cuevas-site-revamp-final\app\public\wp-includes\class-wpdb.php on line 1982
[08-Apr-2025 02:19:11 UTC] PHP Warning:  mysqli_real_connect(): (HY000/2002): No connection could be made because the target machine actively refused it in C:\Users\I7 8700k\Local Sites\Cuevas-site-revamp-final\app\public\wp-includes\class-wpdb.php on line 1982
[08-Apr-2025 02:19:13 UTC] PHP Warning:  mysqli_real_connect(): (HY000/2002): No connection could be made because the target machine actively refused it in C:\Users\I7 8700k\Local Sites\Cuevas-site-revamp-final\app\public\wp-includes\class-wpdb.php on line 1982
[08-Apr-2025 02:19:20 UTC] PHP Warning:  mysqli_real_connect(): (HY000/2002): No connection could be made because the target machine actively refused it in C:\Users\I7 8700k\Local Sites\Cuevas-site-revamp-final\app\public\wp-includes\class-wpdb.php on line 1982
[08-Apr-2025 02:19:22 UTC] PHP Warning:  mysqli_real_connect(): (HY000/2002): No connection could be made because the target machine actively refused it in C:\Users\I7 8700k\Local Sites\Cuevas-site-revamp-final\app\public\wp-includes\class-wpdb.php on line 1982
[08-Apr-2025 02:19:30 UTC] PHP Warning:  mysqli_real_connect(): (HY000/2002): No connection could be made because the target machine actively refused it in C:\Users\I7 8700k\Local Sites\Cuevas-site-revamp-final\app\public\wp-includes\class-wpdb.php on line 1982
[08-Apr-2025 02:19:33 UTC] PHP Warning:  mysqli_real_connect(): (HY000/2002): No connection could be made because the target machine actively refused it in C:\Users\I7 8700k\Local Sites\Cuevas-site-revamp-final\app\public\wp-includes\class-wpdb.php on line 1982
[08-Apr-2025 02:19:49 UTC] PHP Warning:  mysqli_real_connect(): (HY000/2002): No connection could be made because the target machine actively refused it in C:\Users\I7 8700k\Local Sites\Cuevas-site-revamp-final\app\public\wp-includes\class-wpdb.php on line 1982
[08-Apr-2025 02:20:22 UTC] PHP Warning:  mysqli_real_connect(): (HY000/2002): No connection could be made because the target machine actively refused it in C:\Users\I7 8700k\Local Sites\Cuevas-site-revamp-final\app\public\wp-includes\class-wpdb.php on line 1982
[08-Apr-2025 02:20:27 UTC] PHP Warning:  mysqli_real_connect(): (HY000/2002): No connection could be made because the target machine actively refused it in C:\Users\I7 8700k\Local Sites\Cuevas-site-revamp-final\app\public\wp-includes\class-wpdb.php on line 1982
[08-Apr-2025 02:20:28 UTC] PHP Warning:  mysqli_real_connect(): (HY000/2002): No connection could be made because the target machine actively refused it in C:\Users\I7 8700k\Local Sites\Cuevas-site-revamp-final\app\public\wp-includes\class-wpdb.php on line 1982
[08-Apr-2025 02:20:33 UTC] PHP Warning:  mysqli_real_connect(): (HY000/2002): No connection could be made because the target machine actively refused it in C:\Users\I7 8700k\Local Sites\Cuevas-site-revamp-final\app\public\wp-includes\class-wpdb.php on line 1982
[08-Apr-2025 02:21:06 UTC] PHP Warning:  mysqli_real_connect(): Error while reading greeting packet. PID=28500 in C:\Users\I7 8700k\Local Sites\Cuevas-site-revamp-final\app\public\wp-includes\class-wpdb.php on line 1982
[08-Apr-2025 02:21:06 UTC] PHP Warning:  mysqli_real_connect(): (HY000/2006): MySQL server has gone away in C:\Users\I7 8700k\Local Sites\Cuevas-site-revamp-final\app\public\wp-includes\class-wpdb.php on line 1982
[08-Apr-2025 02:21:24 UTC] PHP Warning:  mysqli_real_connect(): (HY000/2002): No connection could be made because the target machine actively refused it in C:\Users\I7 8700k\Local Sites\Cuevas-site-revamp-final\app\public\wp-includes\class-wpdb.php on line 1982
[08-Apr-2025 02:21:24 UTC] PHP Warning:  mysqli_real_connect(): (HY000/2002): No connection could be made because the target machine actively refused it in C:\Users\I7 8700k\Local Sites\Cuevas-site-revamp-final\app\public\wp-includes\class-wpdb.php on line 1982
[08-Apr-2025 02:21:26 UTC] PHP Warning:  mysqli_real_connect(): (HY000/2002): No connection could be made because the target machine actively refused it in C:\Users\I7 8700k\Local Sites\Cuevas-site-revamp-final\app\public\wp-includes\class-wpdb.php on line 1982
[08-Apr-2025 02:21:31 UTC] PHP Warning:  mysqli_real_connect(): (HY000/2002): No connection could be made because the target machine actively refused it in C:\Users\I7 8700k\Local Sites\Cuevas-site-revamp-final\app\public\wp-includes\class-wpdb.php on line 1982
[08-Apr-2025 02:21:45 UTC] PHP Warning:  mysqli_real_connect(): (HY000/2002): No connection could be made because the target machine actively refused it in C:\Users\I7 8700k\Local Sites\Cuevas-site-revamp-final\app\public\wp-includes\class-wpdb.php on line 1982
[08-Apr-2025 02:21:50 UTC] PHP Warning:  mysqli_real_connect(): (HY000/2002): No connection could be made because the target machine actively refused it in C:\Users\I7 8700k\Local Sites\Cuevas-site-revamp-final\app\public\wp-includes\class-wpdb.php on line 1982
[08-Apr-2025 02:23:06 UTC] PHP Warning:  mysqli_real_connect(): (HY000/2002): No connection could be made because the target machine actively refused it in C:\Users\I7 8700k\Local Sites\Cuevas-site-revamp-final\app\public\wp-includes\class-wpdb.php on line 1982
[08-Apr-2025 02:23:08 UTC] PHP Warning:  mysqli_real_connect(): (HY000/2002): No connection could be made because the target machine actively refused it in C:\Users\I7 8700k\Local Sites\Cuevas-site-revamp-final\app\public\wp-includes\class-wpdb.php on line 1982
[08-Apr-2025 02:23:08 UTC] PHP Warning:  mysqli_real_connect(): (HY000/2002): No connection could be made because the target machine actively refused it in C:\Users\I7 8700k\Local Sites\Cuevas-site-revamp-final\app\public\wp-includes\class-wpdb.php on line 1982
[08-Apr-2025 02:23:09 UTC] PHP Warning:  mysqli_real_connect(): (HY000/2002): No connection could be made because the target machine actively refused it in C:\Users\I7 8700k\Local Sites\Cuevas-site-revamp-final\app\public\wp-includes\class-wpdb.php on line 1982
[08-Apr-2025 02:23:10 UTC] PHP Warning:  mysqli_real_connect(): (HY000/2002): No connection could be made because the target machine actively refused it in C:\Users\I7 8700k\Local Sites\Cuevas-site-revamp-final\app\public\wp-includes\class-wpdb.php on line 1982
[08-Apr-2025 02:23:15 UTC] PHP Warning:  mysqli_real_connect(): (HY000/2002): No connection could be made because the target machine actively refused it in C:\Users\I7 8700k\Local Sites\Cuevas-site-revamp-final\app\public\wp-includes\class-wpdb.php on line 1982
[08-Apr-2025 02:23:15 UTC] PHP Warning:  mysqli_real_connect(): (HY000/2002): No connection could be made because the target machine actively refused it in C:\Users\I7 8700k\Local Sites\Cuevas-site-revamp-final\app\public\wp-includes\class-wpdb.php on line 1982
[08-Apr-2025 02:23:21 UTC] PHP Warning:  mysqli_real_connect(): (HY000/2002): No connection could be made because the target machine actively refused it in C:\Users\I7 8700k\Local Sites\Cuevas-site-revamp-final\app\public\wp-includes\class-wpdb.php on line 1982
[08-Apr-2025 02:23:26 UTC] PHP Warning:  mysqli_real_connect(): (HY000/2002): No connection could be made because the target machine actively refused it in C:\Users\I7 8700k\Local Sites\Cuevas-site-revamp-final\app\public\wp-includes\class-wpdb.php on line 1982
[08-Apr-2025 02:25:10 UTC] PHP Warning:  mysqli_real_connect(): (HY000/2002): No connection could be made because the target machine actively refused it in C:\Users\I7 8700k\Local Sites\Cuevas-site-revamp-final\app\public\wp-includes\class-wpdb.php on line 1982
[08-Apr-2025 02:42:14 UTC] PHP Warning:  mysqli_real_connect(): Error while reading greeting packet. PID=20648 in C:\Users\I7 8700k\Local Sites\Cuevas-site-revamp-final\app\public\wp-includes\class-wpdb.php on line 1982
[08-Apr-2025 02:42:14 UTC] PHP Warning:  mysqli_real_connect(): Error while reading greeting packet. PID=9164 in C:\Users\I7 8700k\Local Sites\Cuevas-site-revamp-final\app\public\wp-includes\class-wpdb.php on line 1982
[08-Apr-2025 02:42:14 UTC] PHP Warning:  mysqli_real_connect(): (HY000/2006): MySQL server has gone away in C:\Users\I7 8700k\Local Sites\Cuevas-site-revamp-final\app\public\wp-includes\class-wpdb.php on line 1982
[08-Apr-2025 02:42:14 UTC] PHP Warning:  mysqli_real_connect(): (HY000/2006): MySQL server has gone away in C:\Users\I7 8700k\Local Sites\Cuevas-site-revamp-final\app\public\wp-includes\class-wpdb.php on line 1982
